<?xml version="1.0" encoding="UTF-8"?>
<!-- Generated by org.testng.reporters.JUnitReportReporter -->
<testsuite hostname="80L-AS3482" failures="0" tests="1" name="test.TC41402_MyData" time="38.707" errors="0" timestamp="2023-05-15T08:31:35 CDT" skipped="0">
  <testcase classname="test.TC41402_MyData" name="search_MyData" time="38.707"/>
  <system-out>
    <![CDATA[Specified file is in the list
search text box is empty after clicking the 'X' button
No results for "xyz"
Search tips: try typing exactly what you’re looking for. It may help to simply type 1 word, and search for results then.
The File is Removed]]>
  </system-out>
</testsuite> <!-- test.TC41402_MyData -->
