-------------------------------------------------------------------------------
Test set: test.C4000437
-------------------------------------------------------------------------------
Tests run: 1, Failures: 1, Errors: 0, Skipped: 0, Time elapsed: 0.699 sec <<< FAILURE!
test(test.C4000437)  Time elapsed: 0.01 sec  <<< FAILURE!
java.lang.Error: Unresolved compilation problem: 
	String literal is not properly closed by a double-quote

	at test.C4000437.test(C4000437.java:146)

