-------------------------------------------------------------------------------
Test set: test.C4000166
-------------------------------------------------------------------------------
Tests run: 1, Failures: 1, Errors: 0, Skipped: 0, Time elapsed: 5.961 sec <<< FAILURE!
test(test.C4000166)  Time elapsed: 0.015 sec  <<< FAILURE!
java.lang.Error: Unresolved compilation problem: 
	zc cannot be resolved

	at test.C4000166.test(C4000166.java:191)

