<?xml version="1.0" encoding="UTF-8" ?>
<testsuite tests="1" failures="1" name="test.C4000414" time="42.193" errors="0" skipped="0">
  <properties>
[...]
</properties>
  <testcase classname="test.C4000414" name="test" time="42.193">
    <failure message="Actual TitleSign Inis not same as expected TitleZebra Small Office Home Office expected [Sign In] but found [Zebra Small Office Home Office]" type="java.lang.AssertionError">java.lang.AssertionError: Actual TitleSign Inis not same as expected TitleZebra Small Office Home Office expected [Sign In] but found [Zebra Small Office Home Office]
	at org.testng.Assert.fail(Assert.java:110)
	at org.testng.Assert.failNotEquals(Assert.java:1413)
	at org.testng.Assert.assertEqualsImpl(Assert.java:149)
	at org.testng.Assert.assertEquals(Assert.java:131)
	at org.testng.Assert.assertEquals(Assert.java:655)
	at pages.genericMethods.getAndComparePage(genericMethods.java:1306)
	at test.C4000414.test(C4000414.java:133)
</failure>
    <system-out>Configuring TestNG with: org.apache.maven.surefire.testng.conf.TestNG652Configurator@2c9f9fb0
this is the execID from command prompt 851525and this is the execID from config  851525
Directory cannot be created
this is the path C:\selenium\moneybadgerWebportal
</system-out>
    <system-err>SLF4J: Failed to load class &quot;org.slf4j.impl.StaticLoggerBinder&quot;.
SLF4J: Defaulting to no-operation (NOP) logger implementation
SLF4J: See http://www.slf4j.org/codes.html#StaticLoggerBinder for further details.
Dec 19, 2023 3:07:40 PM org.openqa.selenium.remote.tracing.opentelemetry.OpenTelemetryTracer createTracer
INFO: Using OpenTelemetry for tracing
Dec 19, 2023 3:07:45 PM org.openqa.selenium.remote.ProtocolHandshake createSession
INFO: Detected upstream dialect: W3C
</system-err>
  </testcase>
</testsuite>