-------------------------------------------------------------------------------
Test set: test.C4000229
-------------------------------------------------------------------------------
Tests run: 1, Failures: 1, Errors: 0, Skipped: 0, Time elapsed: 1.685 sec <<< FAILURE!
test(test.C4000229)  Time elapsed: 0.012 sec  <<< FAILURE!
java.lang.Error: Unresolved compilation problem: 
	String literal is not properly closed by a double-quote

	at test.C4000229.test(C4000229.java:67)

