<?xml version="1.0" encoding="UTF-8"?>
<testsuite xmlns:xsi="http://www.w3.org/2001/XMLSchema-instance" xsi:noNamespaceSchemaLocation="https://maven.apache.org/surefire/maven-surefire-plugin/xsd/surefire-test-report-3.0.xsd" version="3.0" name="test.C4000583" time="90.589" tests="1" errors="0" skipped="0" failures="0">
  <properties>
[...]
</properties>
  <testcase name="test[org.testng.TestRunner@615e3f51](1)" classname="test.C4000583" time="75.634">
    <system-out><![CDATA[this is empty true
this is the execution ID 930976
this is the execution 930976 this is the case
Directory has been created successfully
files Directory has been created successfully
Directory has been created successfully
this is the download path C:\selenium\moneybadgerWebportal\DownloadFiles\930976\
this is the upload path C:\selenium\moneybadgerWebportal\files\930976\
this is the size at top level 1
this is the size 1
this is the size at top level 1
this is the size 1
this is the size at top level 1
this is the size 1
this is the size at top level 1
this is the size 1
]]></system-out>
    <system-err><![CDATA[SLF4J(W): No SLF4J providers were found.
SLF4J(W): Defaulting to no-operation (NOP) logger implementation
SLF4J(W): See https://www.slf4j.org/codes.html#noProviders for further details.
May 14, 2024 10:51:10 PM org.openqa.selenium.remote.tracing.opentelemetry.OpenTelemetryTracer createTracer
INFO: Using OpenTelemetry for tracing
May 14, 2024 10:51:18 PM org.openqa.selenium.remote.ProtocolHandshake createSession
INFO: Detected upstream dialect: W3C
]]></system-err>
  </testcase>
</testsuite>