-------------------------------------------------------------------------------
Test set: test.C4000187
-------------------------------------------------------------------------------
Tests run: 1, Failures: 1, Errors: 0, Skipped: 0, Time elapsed: 0.781 sec <<< FAILURE!
test(test.C4000187)  Time elapsed: 0.043 sec  <<< FAILURE!
java.lang.Error: Unresolved compilation problem: 
	String literal is not properly closed by a double-quote

	at test.C4000187.test(C4000187.java:80)

